<?xml version="1.0" encoding="UTF-8" ?>
<testsuite errors="0" failures="1" hostname="PRANEETH-PC" name="CompaniesTest" skipped="0" tests="1" time="11.292" timestamp="2015-08-21T15:09:03">
  <properties>
[...]
</properties>
  <testcase classname="CompaniesTest" name="testSelectCompany" time="11.136">
    <failure type="junit.framework.AssertionFailedError">junit.framework.AssertionFailedError
	at CompaniesTest.testSelectCompany(Unknown Source)
</failure>
  </testcase>
  <system-out><![CDATA[Before all test case execution
CompanyDAO.getCompanyDetails(companyid) : 0
Hibernate: select company_de0_.COMPANYID as COMPANYID1_0_, company_de0_.COMPANYNAME as COMPANYNAME2_0_, company_de0_.PROFILE as PROFILE3_0_, company_de0_.STREET as STREET4_0_, company_de0_.CITY as CITY5_0_, company_de0_.STATE as STATE6_0_, company_de0_.COUNTRY as COUNTRY7_0_, company_de0_.PHONE as PHONE8_0_, company_de0_.EMAIL as EMAIL9_0_ from COMPANY_DETAILS company_de0_ where COMPANYID=0
Company Id   : 0
Company Name : Trinity
profile      : good
street       : begumpet
city         : hyd
state        : telangana
country      : india
phone        : 1223456
email        : jaffa@gmail.com
After all test case execution
]]></system-out>
  <system-err><![CDATA[Aug 21, 2015 8:39:04 PM org.hibernate.annotations.common.reflection.java.JavaReflectionManager <clinit>
INFO: HCANN000001: Hibernate Commons Annotations {4.0.5.Final}
Aug 21, 2015 8:39:04 PM org.hibernate.Version logVersion
INFO: HHH000412: Hibernate Core {4.3.7.Final}
Aug 21, 2015 8:39:04 PM org.hibernate.cfg.Environment <clinit>
INFO: HHH000206: hibernate.properties not found
Aug 21, 2015 8:39:04 PM org.hibernate.cfg.Environment buildBytecodeProvider
INFO: HHH000021: Bytecode provider name : javassist
Aug 21, 2015 8:39:04 PM org.hibernate.cfg.Configuration configure
INFO: HHH000043: Configuring from resource: /hibernate.cfg.xml
Aug 21, 2015 8:39:04 PM org.hibernate.cfg.Configuration getConfigurationInputStream
INFO: HHH000040: Configuration resource: /hibernate.cfg.xml
Aug 21, 2015 8:39:06 PM org.hibernate.cfg.Configuration addResource
INFO: HHH000221: Reading mappings from resource: training.hbm.xml
Aug 21, 2015 8:39:08 PM org.hibernate.cfg.Configuration addResource
INFO: HHH000221: Reading mappings from resource: company.hbm.xml
Aug 21, 2015 8:39:09 PM org.hibernate.cfg.Configuration addResource
INFO: HHH000221: Reading mappings from resource: notification.hbm.xml
Aug 21, 2015 8:39:09 PM org.hibernate.cfg.Configuration doConfigure
INFO: HHH000041: Configured SessionFactory: null
Aug 21, 2015 8:39:10 PM org.hibernate.engine.jdbc.connections.internal.DriverManagerConnectionProviderImpl configure
WARN: HHH000402: Using Hibernate built-in connection pool (not for production use!)
Aug 21, 2015 8:39:10 PM org.hibernate.engine.jdbc.connections.internal.DriverManagerConnectionProviderImpl buildCreator
INFO: HHH000401: using driver [oracle.jdbc.driver.OracleDriver] at URL [jdbc:oracle:thin:@localhost:1521:xe]
Aug 21, 2015 8:39:10 PM org.hibernate.engine.jdbc.connections.internal.DriverManagerConnectionProviderImpl buildCreator
INFO: HHH000046: Connection properties: {user=tpo, password=****}
Aug 21, 2015 8:39:10 PM org.hibernate.engine.jdbc.connections.internal.DriverManagerConnectionProviderImpl buildCreator
INFO: HHH000006: Autocommit mode: false
Aug 21, 2015 8:39:10 PM org.hibernate.engine.jdbc.connections.internal.DriverManagerConnectionProviderImpl configure
INFO: HHH000115: Hibernate connection pool size: 1 (min=1)
Aug 21, 2015 8:39:11 PM org.hibernate.engine.jdbc.spi.TypeInfo extractTypeInfo
WARN: HHH000273: Error accessing type info result set : java.sql.SQLException: Numeric Overflow
Aug 21, 2015 8:39:12 PM org.hibernate.dialect.Dialect <init>
INFO: HHH000400: Using dialect: org.hibernate.dialect.Oracle10gDialect
Aug 21, 2015 8:39:12 PM org.hibernate.engine.jdbc.internal.LobCreatorBuilder useContextualLobCreation
INFO: HHH000424: Disabling contextual LOB creation as createClob() method threw error : java.lang.reflect.InvocationTargetException
Aug 21, 2015 8:39:12 PM org.hibernate.engine.transaction.internal.TransactionFactoryInitiator initiateService
INFO: HHH000399: Using default transaction strategy (direct JDBC transactions)
Aug 21, 2015 8:39:12 PM org.hibernate.hql.internal.ast.ASTQueryTranslatorFactory <init>
INFO: HHH000397: Using ASTQueryTranslatorFactory
Aug 21, 2015 8:39:14 PM org.hibernate.engine.jdbc.connections.internal.DriverManagerConnectionProviderImpl stop
INFO: HHH000030: Cleaning up connection pool [jdbc:oracle:thin:@localhost:1521:xe]
]]></system-err>
</testsuite>
